<?xml version="1.0" encoding="UTF-8"?>
<testsuite name="com.exception.UserRegistrationTest" tests="20" skipped="0" failures="0" errors="0" timestamp="2022-07-14T11:39:51" hostname="DESKTOP-8DEVOGL" time="0.053">
  <properties/>
  <testcase name="whenGivenMobileNoWithoutCountryCodeShouldReturnInvalid()" classname="com.exception.UserRegistrationTest" time="0.017"/>
  <testcase name="whenGivenFirstNameShouldHaveMinimum3CharWithCamelCase()" classname="com.exception.UserRegistrationTest" time="0.005"/>
  <testcase name="whenGivenPasswordWithoutSignShouldReturnEmptyValue()" classname="com.exception.UserRegistrationTest" time="0.002"/>
  <testcase name="whenGivenLastNameWithNullValue()" classname="com.exception.UserRegistrationTest" time="0.002"/>
  <testcase name="whenGivenEmailStartWithDotShouldReturnNullValue()" classname="com.exception.UserRegistrationTest" time="0.0"/>
  <testcase name="whenGivenMobileNoWithoutSpaceShouldReturnEmptyValue()" classname="com.exception.UserRegistrationTest" time="0.001"/>
  <testcase name="whenGivenPasswordValid()" classname="com.exception.UserRegistrationTest" time="0.001"/>
  <testcase name="whenGivenMobilNoStartWithDotShouldReturnNullValue()" classname="com.exception.UserRegistrationTest" time="0.001"/>
  <testcase name="whenGivenEmailWithoutSignShouldReturnInvalid()" classname="com.exception.UserRegistrationTest" time="0.001"/>
  <testcase name="whenGivenLastNameWithSmallLetter()" classname="com.exception.UserRegistrationTest" time="0.001"/>
  <testcase name="whenGivenLastNameShouldHaveMinimum3CharWithCamelCase()" classname="com.exception.UserRegistrationTest" time="0.001"/>
  <testcase name="whenGivenPasswordStartWithDotShouldReturnNullValue()" classname="com.exception.UserRegistrationTest" time="0.0"/>
  <testcase name="whenGivenEmailWithoutSignShouldReturnEmptyValue()" classname="com.exception.UserRegistrationTest" time="0.0"/>
  <testcase name="whenGivenFirstNameWithNullValue()" classname="com.exception.UserRegistrationTest" time="0.001"/>
  <testcase name="whenGivenLastNameWithEmptyValue()" classname="com.exception.UserRegistrationTest" time="0.001"/>
  <testcase name="whenGivenPasswordWithoutIntegerCaseShouldReturnInvalid()" classname="com.exception.UserRegistrationTest" time="0.001"/>
  <testcase name="whenGivenFirstNameWithInvalidFName()" classname="com.exception.UserRegistrationTest" time="0.0"/>
  <testcase name="whenGivenPhoneNumberValid()" classname="com.exception.UserRegistrationTest" time="0.001"/>
  <testcase name="whenGivenFirstNameWithEmptyValue()" classname="com.exception.UserRegistrationTest" time="0.001"/>
  <testcase name="whenGivenEmailValid()" classname="com.exception.UserRegistrationTest" time="0.001"/>
  <system-out><![CDATA[]]></system-out>
  <system-err><![CDATA[]]></system-err>
</testsuite>
